<?xml version="1.0" encoding="UTF-8"?>
<!-- Generated by org.testng.reporters.JUnitReportReporter -->
<testsuite skipped="0" hostname="chintu_pandu" name="testNG.TESTSUITE" tests="3" failures="0" timestamp="2023-01-17T13:53:31 EST" time="4.127" errors="0">
  <testcase name="opengoogle" time="1.175" classname="testNG.TESTSUITE"/>
  <system-out/>
  <testcase name="openyahoo" time="2.591" classname="testNG.TESTSUITE"/>
  <system-out/>
  <testcase name="openbing" time="0.361" classname="testNG.TESTSUITE"/>
  <system-out/>
</testsuite> <!-- testNG.TESTSUITE -->
