<?xml version="1.0" encoding="UTF-8"?>
<!-- Generated by org.testng.reporters.JUnitReportReporter -->
<testsuite skipped="8" hostname="chintu_pandu" name="testNG.Groupingexample" tests="8" failures="0" timestamp="2023-01-15T23:52:21 EST" time="0.000" errors="0">
  <testcase name="moto1" time="0.000" classname="testNG.Groupingexample">
    <skipped/>
  </testcase> <!-- moto1 -->
  <system-out/>
  <testcase name="vivo2" time="0.000" classname="testNG.Groupingexample">
    <skipped/>
  </testcase> <!-- vivo2 -->
  <system-out/>
  <testcase name="apple1" time="0.000" classname="testNG.Groupingexample">
    <skipped/>
  </testcase> <!-- apple1 -->
  <system-out/>
  <testcase name="lenovo2" time="0.000" classname="testNG.Groupingexample">
    <skipped/>
  </testcase> <!-- lenovo2 -->
  <system-out/>
  <testcase name="moto2" time="0.000" classname="testNG.Groupingexample">
    <skipped/>
  </testcase> <!-- moto2 -->
  <system-out/>
  <testcase name="vivo1" time="0.000" classname="testNG.Groupingexample">
    <skipped/>
  </testcase> <!-- vivo1 -->
  <system-out/>
  <testcase name="lenovo1" time="0.000" classname="testNG.Groupingexample">
    <skipped/>
  </testcase> <!-- lenovo1 -->
  <system-out/>
  <testcase name="apple2" time="0.000" classname="testNG.Groupingexample">
    <skipped/>
  </testcase> <!-- apple2 -->
  <system-out/>
</testsuite> <!-- testNG.Groupingexample -->
