<?xml version="1.0" encoding="UTF-8"?>
<!-- Generated by org.testng.reporters.JUnitReportReporter -->
<testsuite skipped="5" hostname="chintu_pandu" name="testNG.driveacar" tests="5" failures="0" timestamp="2023-01-15T23:52:21 EST" time="0.000" errors="0">
  <testcase name="Startacar" time="0.000" classname="testNG.driveacar">
    <skipped/>
  </testcase> <!-- Startacar -->
  <system-out/>
  <testcase name="putin1stgear" time="0.000" classname="testNG.driveacar">
    <skipped/>
  </testcase> <!-- putin1stgear -->
  <system-out/>
  <testcase name="putin2ndgear" time="0.000" classname="testNG.driveacar">
    <skipped/>
  </testcase> <!-- putin2ndgear -->
  <system-out/>
  <testcase name="putin3rdgear" time="0.000" classname="testNG.driveacar">
    <skipped/>
  </testcase> <!-- putin3rdgear -->
  <system-out/>
  <testcase name="putin4thtgear" time="0.000" classname="testNG.driveacar">
    <skipped/>
  </testcase> <!-- putin4thtgear -->
  <system-out/>
</testsuite> <!-- testNG.driveacar -->
