<?xml version="1.0" encoding="UTF-8"?>
<!-- Generated by org.testng.reporters.JUnitReportReporter -->
<testsuite skipped="3" hostname="chintu_pandu" name="testNG.DependencyManagement" tests="3" failures="0" timestamp="2023-01-15T23:52:21 EST" time="0.000" errors="0">
  <testcase name="College" time="0.000" classname="testNG.DependencyManagement">
    <skipped/>
  </testcase> <!-- College -->
  <system-out/>
  <testcase name="Tenthclass" time="0.000" classname="testNG.DependencyManagement">
    <skipped/>
  </testcase> <!-- Tenthclass -->
  <system-out/>
  <testcase name="Intermediate" time="0.000" classname="testNG.DependencyManagement">
    <skipped/>
  </testcase> <!-- Intermediate -->
  <system-out/>
</testsuite> <!-- testNG.DependencyManagement -->
