<?xml version="1.0" encoding="UTF-8"?>
<!-- Generated by org.testng.reporters.JUnitReportReporter -->
<testsuite skipped="0" hostname="chintu_pandu" name="Collect" tests="1" failures="0" timestamp="2023-01-31T00:05:44 EST" time="0.005" errors="0">
  <testcase name="collection" time="0.005" classname="Collect"/>
  <system-out/>
</testsuite> <!-- Collect -->
