<?xml version="1.0" encoding="UTF-8"?>
<!-- Generated by org.testng.reporters.JUnitReportReporter -->
<testsuite skipped="2" hostname="chintu_pandu" name="testNG.Parallelexecution" tests="2" failures="0" timestamp="2023-01-15T23:52:21 EST" time="0.000" errors="0">
  <testcase name="openbing" time="0.000" classname="testNG.Parallelexecution">
    <skipped/>
  </testcase> <!-- openbing -->
  <system-out/>
  <testcase name="opengoogle" time="0.000" classname="testNG.Parallelexecution">
    <skipped/>
  </testcase> <!-- opengoogle -->
  <system-out/>
</testsuite> <!-- testNG.Parallelexecution -->
