<?xml version="1.0" encoding="UTF-8"?>
<!-- Generated by org.testng.reporters.JUnitReportReporter -->
<testsuite skipped="0" hostname="chintu_pandu" name="Panda" tests="1" failures="0" timestamp="2023-01-24T18:20:49 EST" time="1.371" errors="0">
  <testcase name="verifytitle" time="1.371" classname="Panda"/>
  <system-out/>
</testsuite> <!-- Panda -->
