<?xml version="1.0" encoding="UTF-8"?>
<!-- Generated by org.testng.reporters.JUnitReportReporter -->
<testsuite skipped="0" hostname="chintu_pandu" name="orange" tests="4" failures="0" timestamp="2023-01-31T23:48:25 EST" time="15.409" errors="0">
  <testcase name="loginwithuserandpassword" time="3.437" classname="orange"/>
  <system-out/>
  <testcase name="loginwithuserandpassword" time="5.379" classname="orange"/>
  <system-out/>
  <testcase name="loginwithuserandpassword" time="3.372" classname="orange"/>
  <system-out/>
  <testcase name="loginwithuserandpassword" time="3.221" classname="orange"/>
  <system-out/>
</testsuite> <!-- orange -->
