<?xml version="1.0" encoding="UTF-8"?>
<!-- Generated by org.testng.reporters.JUnitReportReporter -->
<testsuite skipped="0" hostname="chintu_pandu" name="pageobject.Execute" tests="1" failures="0" timestamp="2023-02-27T23:45:55 EST" time="4.340" errors="0">
  <testcase name="Execute" time="4.340" classname="pageobject.Execute"/>
  <system-out/>
</testsuite> <!-- pageobject.Execute -->
