<?xml version="1.0" encoding="UTF-8"?>
<!-- Generated by org.testng.reporters.JUnitReportReporter -->
<testsuite skipped="4" hostname="chintu_pandu" name="testNG.samplecase" tests="4" failures="0" timestamp="2023-01-15T23:52:21 EST" time="0.000" errors="0">
  <testcase name="Firsttestcase" time="0.000" classname="testNG.samplecase">
    <skipped/>
  </testcase> <!-- Firsttestcase -->
  <system-out/>
  <testcase name="Fourthtestcase" time="0.000" classname="testNG.samplecase">
    <skipped/>
  </testcase> <!-- Fourthtestcase -->
  <system-out/>
  <testcase name="Secondtestcase" time="0.000" classname="testNG.samplecase">
    <skipped/>
  </testcase> <!-- Secondtestcase -->
  <system-out/>
  <testcase name="Threetestcase" time="0.000" classname="testNG.samplecase">
    <skipped/>
  </testcase> <!-- Threetestcase -->
  <system-out/>
</testsuite> <!-- testNG.samplecase -->
