<?xml version="1.0" encoding="UTF-8"?>
<!-- Generated by org.testng.reporters.JUnitReportReporter -->
<testsuite skipped="0" hostname="chintu_pandu" name="Pandascript" tests="1" failures="0" timestamp="2023-01-24T12:35:39 EST" time="4.157" errors="0">
  <testcase name="testDay1TestCase1" time="4.157" classname="Pandascript"/>
  <system-out/>
</testsuite> <!-- Pandascript -->
