<?xml version="1.0" encoding="UTF-8"?>
<!-- Generated by org.testng.reporters.JUnitReportReporter -->
<testsuite skipped="0" hostname="chintu_pandu" name="Data" tests="4" failures="0" timestamp="2023-01-28T16:25:08 EST" time="0.009" errors="0">
  <testcase name="printingvalues" time="0.006" classname="Data"/>
  <system-out/>
  <testcase name="printingvalues" time="0.001" classname="Data"/>
  <system-out/>
  <testcase name="printingvalues" time="0.001" classname="Data"/>
  <system-out/>
  <testcase name="printingvalues" time="0.001" classname="Data"/>
  <system-out/>
</testsuite> <!-- Data -->
